# JRE version: OpenJDK Runtime Environment Temurin-17.0.6+10 (17.0.6+10) (build 17.0.6+10)
# Java VM: OpenJDK 64-Bit Server VM Temurin-17.0.6+10 (17.0.6+10, mixed mode, emulated-client, tiered, compressed oops, compressed class ptrs, g1 gc, windows-amd64)
GC Precious Log:
 CPUs: 4 total, 4 available
 Memory: 8026M
 Large Page Support: Disabled
 NUMA Support: Disabled
 Compressed Oops: Enabled (32-bit)
 Heap Region Size: 1M
 Heap Min Capacity: 8M
 Heap Initial Capacity: 126M
 Heap Max Capacity: 1G
 Pre-touch: Disabled
 Parallel Workers: 4
 Concurrent Workers: 1
 Concurrent Refinement Workers: 4
 Periodic GC: Disabled
Heap:
 garbage-first heap   total 143360K, used 41997K [0x00000000c0000000, 0x0000000100000000)
  region size 1024K, 1 young (1024K), 0 survivors (0K)
 Metaspace       used 69319K, committed 69952K, reserved 1114112K
  class space    used 9445K, committed 9728K, reserved 1048576K
GC Heap History (20 events):
Event: 5536.313 GC heap before
{Heap before GC invocations=534 (full 473):
 garbage-first heap   total 143360K, used 41997K [0x00000000c0000000, 0x0000000100000000)
  region size 1024K, 1 young (1024K), 0 survivors (0K)
 Metaspace       used 69319K, committed 69952K, reserved 1114112K
  class space    used 9445K, committed 9728K, reserved 1048576K
}
Event: 5536.375 GC heap after
{Heap after GC invocations=535 (full 474):
 garbage-first heap   total 143360K, used 41997K [0x00000000c0000000, 0x0000000100000000)
  region size 1024K, 0 young (0K), 0 survivors (0K)
 Metaspace       used 69319K, committed 69952K, reserved 1114112K
  class space    used 9445K, committed 9728K, reserved 1048576K
}
Event: 5546.613 GC heap before
{Heap before GC invocations=535 (full 474):
 garbage-first heap   total 143360K, used 41997K [0x00000000c0000000, 0x0000000100000000)
  region size 1024K, 1 young (1024K), 0 survivors (0K)
 Metaspace       used 69319K, committed 69952K, reserved 1114112K
  class space    used 9445K, committed 9728K, reserved 1048576K
}
Event: 5546.676 GC heap after
{Heap after GC invocations=536 (full 475):
 garbage-first heap   total 143360K, used 41997K [0x00000000c0000000, 0x0000000100000000)
  region size 1024K, 0 young (0K), 0 survivors (0K)
 Metaspace       used 69319K, committed 69952K, reserved 1114112K
  class space    used 9445K, committed 9728K, reserved 1048576K
}
Event: 5564.248 GC heap before
{Heap before GC invocations=536 (full 475):
 garbage-first heap   total 143360K, used 41997K [0x00000000c0000000, 0x0000000100000000)
  region size 1024K, 1 young (1024K), 0 survivors (0K)
 Metaspace       used 69319K, committed 69952K, reserved 1114112K
  class space    used 9445K, committed 9728K, reserved 1048576K
}
Event: 5564.321 GC heap after
{Heap after GC invocations=537 (full 476):
 garbage-first heap   total 143360K, used 41997K [0x00000000c0000000, 0x0000000100000000)
  region size 1024K, 0 young (0K), 0 survivors (0K)
 Metaspace       used 69319K, committed 69952K, reserved 1114112K
  class space    used 9445K, committed 9728K, reserved 1048576K
}
Event: 5575.507 GC heap before
{Heap before GC invocations=537 (full 476):
 garbage-first heap   total 143360K, used 41997K [0x00000000c0000000, 0x0000000100000000)
  region size 1024K, 1 young (1024K), 0 survivors (0K)
 Metaspace       used 69319K, committed 69952K, reserved 1114112K
  class space    used 9445K, committed 9728K, reserved 1048576K
}
Event: 5575.583 GC heap after
{Heap after GC invocations=538 (full 477):
 garbage-first heap   total 143360K, used 41997K [0x00000000c0000000, 0x0000000100000000)
  region size 1024K, 0 young (0K), 0 survivors (0K)
 Metaspace       used 69319K, committed 69952K, reserved 1114112K
  class space    used 9445K, committed 9728K, reserved 1048576K
}
Event: 5586.081 GC heap before
{Heap before GC invocations=538 (full 477):
 garbage-first heap   total 143360K, used 41997K [0x00000000c0000000, 0x0000000100000000)
  region size 1024K, 1 young (1024K), 0 survivors (0K)
 Metaspace       used 69319K, committed 69952K, reserved 1114112K
  class space    used 9445K, committed 9728K, reserved 1048576K
}
Event: 5586.150 GC heap after
{Heap after GC invocations=539 (full 478):
 garbage-first heap   total 143360K, used 41997K [0x00000000c0000000, 0x0000000100000000)
  region size 1024K, 0 young (0K), 0 survivors (0K)
 Metaspace       used 69319K, committed 69952K, reserved 1114112K
  class space    used 9445K, committed 9728K, reserved 1048576K
}
Event: 5596.458 GC heap before
{Heap before GC invocations=539 (full 478):
 garbage-first heap   total 143360K, used 41997K [0x00000000c0000000, 0x0000000100000000)
  region size 1024K, 1 young (1024K), 0 survivors (0K)
 Metaspace       used 69319K, committed 69952K, reserved 1114112K
  class space    used 9445K, committed 9728K, reserved 1048576K
}
Event: 5596.521 GC heap after
{Heap after GC invocations=540 (full 479):
 garbage-first heap   total 143360K, used 41997K [0x00000000c0000000, 0x0000000100000000)
  region size 1024K, 0 young (0K), 0 survivors (0K)
 Metaspace       used 69319K, committed 69952K, reserved 1114112K
  class space    used 9445K, committed 9728K, reserved 1048576K
}
Event: 5606.732 GC heap before
{Heap before GC invocations=540 (full 479):
 garbage-first heap   total 143360K, used 41997K [0x00000000c0000000, 0x0000000100000000)
  region size 1024K, 1 young (1024K), 0 survivors (0K)
 Metaspace       used 69319K, committed 69952K, reserved 1114112K
  class space    used 9445K, committed 9728K, reserved 1048576K
}
Event: 5606.796 GC heap after
{Heap after GC invocations=541 (full 480):
 garbage-first heap   total 143360K, used 41997K [0x00000000c0000000, 0x0000000100000000)
  region size 1024K, 0 young (0K), 0 survivors (0K)
 Metaspace       used 69319K, committed 69952K, reserved 1114112K
  class space    used 9445K, committed 9728K, reserved 1048576K
}
Event: 5617.053 GC heap before
{Heap before GC invocations=541 (full 480):
 garbage-first heap   total 143360K, used 41997K [0x00000000c0000000, 0x0000000100000000)
  region size 1024K, 1 young (1024K), 0 survivors (0K)
 Metaspace       used 69319K, committed 69952K, reserved 1114112K
  class space    used 9445K, committed 9728K, reserved 1048576K
}
Event: 5617.114 GC heap after
{Heap after GC invocations=542 (full 481):
 garbage-first heap   total 143360K, used 41997K [0x00000000c0000000, 0x0000000100000000)
  region size 1024K, 0 young (0K), 0 survivors (0K)
 Metaspace       used 69319K, committed 69952K, reserved 1114112K
  class space    used 9445K, committed 9728K, reserved 1048576K
}
Event: 5627.989 GC heap before
{Heap before GC invocations=542 (full 481):
 garbage-first heap   total 143360K, used 41997K [0x00000000c0000000, 0x0000000100000000)
  region size 1024K, 1 young (1024K), 0 survivors (0K)
 Metaspace       used 69319K, committed 69952K, reserved 1114112K
  class space    used 9445K, committed 9728K, reserved 1048576K
}
Event: 5628.052 GC heap after
{Heap after GC invocations=543 (full 482):
 garbage-first heap   total 143360K, used 41997K [0x00000000c0000000, 0x0000000100000000)
  region size 1024K, 0 young (0K), 0 survivors (0K)
 Metaspace       used 69319K, committed 69952K, reserved 1114112K
  class space    used 9445K, committed 9728K, reserved 1048576K
}
Event: 5638.631 GC heap before
{Heap before GC invocations=543 (full 482):
 garbage-first heap   total 143360K, used 41997K [0x00000000c0000000, 0x0000000100000000)
  region size 1024K, 1 young (1024K), 0 survivors (0K)
 Metaspace       used 69319K, committed 69952K, reserved 1114112K
  class space    used 9445K, committed 9728K, reserved 1048576K
}
Event: 5638.697 GC heap after
{Heap after GC invocations=544 (full 483):
 garbage-first heap   total 143360K, used 41997K [0x00000000c0000000, 0x0000000100000000)
  region size 1024K, 0 young (0K), 0 survivors (0K)
 Metaspace       used 69319K, committed 69952K, reserved 1114112K
  class space    used 9445K, committed 9728K, reserved 1048576K
}

