# JRE version: OpenJDK Runtime Environment Temurin-17.0.6+10 (17.0.6+10) (build 17.0.6+10)
# Java VM: OpenJDK 64-Bit Server VM Temurin-17.0.6+10 (17.0.6+10, mixed mode, emulated-client, tiered, compressed oops, compressed class ptrs, g1 gc, windows-amd64)
GC Precious Log:
 CPUs: 4 total, 4 available
 Memory: 8026M
 Large Page Support: Disabled
 NUMA Support: Disabled
 Compressed Oops: Enabled (32-bit)
 Heap Region Size: 1M
 Heap Min Capacity: 8M
 Heap Initial Capacity: 126M
 Heap Max Capacity: 1G
 Pre-touch: Disabled
 Parallel Workers: 4
 Concurrent Workers: 1
 Concurrent Refinement Workers: 4
 Periodic GC: Disabled
Heap:
 garbage-first heap   total 137216K, used 40577K [0x00000000c0000000, 0x0000000100000000)
  region size 1024K, 1 young (1024K), 0 survivors (0K)
 Metaspace       used 62308K, committed 63040K, reserved 1105920K
  class space    used 8671K, committed 8960K, reserved 1048576K
GC Heap History (20 events):
Event: 5915.021 GC heap before
{Heap before GC invocations=589 (full 527):
 garbage-first heap   total 137216K, used 40577K [0x00000000c0000000, 0x0000000100000000)
  region size 1024K, 1 young (1024K), 0 survivors (0K)
 Metaspace       used 62308K, committed 63040K, reserved 1105920K
  class space    used 8671K, committed 8960K, reserved 1048576K
}
Event: 5915.059 GC heap after
{Heap after GC invocations=590 (full 528):
 garbage-first heap   total 137216K, used 40577K [0x00000000c0000000, 0x0000000100000000)
  region size 1024K, 0 young (0K), 0 survivors (0K)
 Metaspace       used 62308K, committed 63040K, reserved 1105920K
  class space    used 8671K, committed 8960K, reserved 1048576K
}
Event: 5925.211 GC heap before
{Heap before GC invocations=590 (full 528):
 garbage-first heap   total 137216K, used 40577K [0x00000000c0000000, 0x0000000100000000)
  region size 1024K, 1 young (1024K), 0 survivors (0K)
 Metaspace       used 62308K, committed 63040K, reserved 1105920K
  class space    used 8671K, committed 8960K, reserved 1048576K
}
Event: 5925.251 GC heap after
{Heap after GC invocations=591 (full 529):
 garbage-first heap   total 137216K, used 40577K [0x00000000c0000000, 0x0000000100000000)
  region size 1024K, 0 young (0K), 0 survivors (0K)
 Metaspace       used 62308K, committed 63040K, reserved 1105920K
  class space    used 8671K, committed 8960K, reserved 1048576K
}
Event: 5935.628 GC heap before
{Heap before GC invocations=591 (full 529):
 garbage-first heap   total 137216K, used 40577K [0x00000000c0000000, 0x0000000100000000)
  region size 1024K, 1 young (1024K), 0 survivors (0K)
 Metaspace       used 62308K, committed 63040K, reserved 1105920K
  class space    used 8671K, committed 8960K, reserved 1048576K
}
Event: 5935.675 GC heap after
{Heap after GC invocations=592 (full 530):
 garbage-first heap   total 137216K, used 40577K [0x00000000c0000000, 0x0000000100000000)
  region size 1024K, 0 young (0K), 0 survivors (0K)
 Metaspace       used 62308K, committed 63040K, reserved 1105920K
  class space    used 8671K, committed 8960K, reserved 1048576K
}
Event: 5945.918 GC heap before
{Heap before GC invocations=592 (full 530):
 garbage-first heap   total 137216K, used 40577K [0x00000000c0000000, 0x0000000100000000)
  region size 1024K, 1 young (1024K), 0 survivors (0K)
 Metaspace       used 62308K, committed 63040K, reserved 1105920K
  class space    used 8671K, committed 8960K, reserved 1048576K
}
Event: 5945.959 GC heap after
{Heap after GC invocations=593 (full 531):
 garbage-first heap   total 137216K, used 40577K [0x00000000c0000000, 0x0000000100000000)
  region size 1024K, 0 young (0K), 0 survivors (0K)
 Metaspace       used 62308K, committed 63040K, reserved 1105920K
  class space    used 8671K, committed 8960K, reserved 1048576K
}
Event: 5957.817 GC heap before
{Heap before GC invocations=593 (full 531):
 garbage-first heap   total 137216K, used 40577K [0x00000000c0000000, 0x0000000100000000)
  region size 1024K, 1 young (1024K), 0 survivors (0K)
 Metaspace       used 62308K, committed 63040K, reserved 1105920K
  class space    used 8671K, committed 8960K, reserved 1048576K
}
Event: 5957.909 GC heap after
{Heap after GC invocations=594 (full 532):
 garbage-first heap   total 137216K, used 40577K [0x00000000c0000000, 0x0000000100000000)
  region size 1024K, 0 young (0K), 0 survivors (0K)
 Metaspace       used 62308K, committed 63040K, reserved 1105920K
  class space    used 8671K, committed 8960K, reserved 1048576K
}
Event: 5968.487 GC heap before
{Heap before GC invocations=594 (full 532):
 garbage-first heap   total 137216K, used 40577K [0x00000000c0000000, 0x0000000100000000)
  region size 1024K, 1 young (1024K), 0 survivors (0K)
 Metaspace       used 62308K, committed 63040K, reserved 1105920K
  class space    used 8671K, committed 8960K, reserved 1048576K
}
Event: 5968.540 GC heap after
{Heap after GC invocations=595 (full 533):
 garbage-first heap   total 137216K, used 40577K [0x00000000c0000000, 0x0000000100000000)
  region size 1024K, 0 young (0K), 0 survivors (0K)
 Metaspace       used 62308K, committed 63040K, reserved 1105920K
  class space    used 8671K, committed 8960K, reserved 1048576K
}
Event: 5978.784 GC heap before
{Heap before GC invocations=595 (full 533):
 garbage-first heap   total 137216K, used 40577K [0x00000000c0000000, 0x0000000100000000)
  region size 1024K, 1 young (1024K), 0 survivors (0K)
 Metaspace       used 62308K, committed 63040K, reserved 1105920K
  class space    used 8671K, committed 8960K, reserved 1048576K
}
Event: 5978.845 GC heap after
{Heap after GC invocations=596 (full 534):
 garbage-first heap   total 137216K, used 40577K [0x00000000c0000000, 0x0000000100000000)
  region size 1024K, 0 young (0K), 0 survivors (0K)
 Metaspace       used 62308K, committed 63040K, reserved 1105920K
  class space    used 8671K, committed 8960K, reserved 1048576K
}
Event: 5988.999 GC heap before
{Heap before GC invocations=596 (full 534):
 garbage-first heap   total 137216K, used 40577K [0x00000000c0000000, 0x0000000100000000)
  region size 1024K, 1 young (1024K), 0 survivors (0K)
 Metaspace       used 62308K, committed 63040K, reserved 1105920K
  class space    used 8671K, committed 8960K, reserved 1048576K
}
Event: 5989.041 GC heap after
{Heap after GC invocations=597 (full 535):
 garbage-first heap   total 137216K, used 40577K [0x00000000c0000000, 0x0000000100000000)
  region size 1024K, 0 young (0K), 0 survivors (0K)
 Metaspace       used 62308K, committed 63040K, reserved 1105920K
  class space    used 8671K, committed 8960K, reserved 1048576K
}
Event: 5999.208 GC heap before
{Heap before GC invocations=597 (full 535):
 garbage-first heap   total 137216K, used 40577K [0x00000000c0000000, 0x0000000100000000)
  region size 1024K, 1 young (1024K), 0 survivors (0K)
 Metaspace       used 62308K, committed 63040K, reserved 1105920K
  class space    used 8671K, committed 8960K, reserved 1048576K
}
Event: 5999.249 GC heap after
{Heap after GC invocations=598 (full 536):
 garbage-first heap   total 137216K, used 40577K [0x00000000c0000000, 0x0000000100000000)
  region size 1024K, 0 young (0K), 0 survivors (0K)
 Metaspace       used 62308K, committed 63040K, reserved 1105920K
  class space    used 8671K, committed 8960K, reserved 1048576K
}
Event: 6009.705 GC heap before
{Heap before GC invocations=598 (full 536):
 garbage-first heap   total 137216K, used 40577K [0x00000000c0000000, 0x0000000100000000)
  region size 1024K, 1 young (1024K), 0 survivors (0K)
 Metaspace       used 62308K, committed 63040K, reserved 1105920K
  class space    used 8671K, committed 8960K, reserved 1048576K
}
Event: 6009.760 GC heap after
{Heap after GC invocations=599 (full 537):
 garbage-first heap   total 137216K, used 40577K [0x00000000c0000000, 0x0000000100000000)
  region size 1024K, 0 young (0K), 0 survivors (0K)
 Metaspace       used 62308K, committed 63040K, reserved 1105920K
  class space    used 8671K, committed 8960K, reserved 1048576K
}

