# JRE version: OpenJDK Runtime Environment Temurin-17.0.6+10 (17.0.6+10) (build 17.0.6+10)
# Java VM: OpenJDK 64-Bit Server VM Temurin-17.0.6+10 (17.0.6+10, mixed mode, emulated-client, tiered, compressed oops, compressed class ptrs, g1 gc, windows-amd64)
GC Precious Log:
 CPUs: 4 total, 4 available
 Memory: 8026M
 Large Page Support: Disabled
 NUMA Support: Disabled
 Compressed Oops: Enabled (32-bit)
 Heap Region Size: 1M
 Heap Min Capacity: 8M
 Heap Initial Capacity: 126M
 Heap Max Capacity: 1G
 Pre-touch: Disabled
 Parallel Workers: 4
 Concurrent Workers: 1
 Concurrent Refinement Workers: 4
 Periodic GC: Disabled
Heap:
 garbage-first heap   total 143360K, used 42021K [0x00000000c0000000, 0x0000000100000000)
  region size 1024K, 1 young (1024K), 0 survivors (0K)
 Metaspace       used 69054K, committed 69632K, reserved 1114112K
  class space    used 9398K, committed 9664K, reserved 1048576K
GC Heap History (20 events):
Event: 12699.625 GC heap before
{Heap before GC invocations=1190 (full 1082):
 garbage-first heap   total 143360K, used 42021K [0x00000000c0000000, 0x0000000100000000)
  region size 1024K, 1 young (1024K), 0 survivors (0K)
 Metaspace       used 69054K, committed 69632K, reserved 1114112K
  class space    used 9398K, committed 9664K, reserved 1048576K
}
Event: 12699.691 GC heap after
{Heap after GC invocations=1191 (full 1083):
 garbage-first heap   total 143360K, used 42021K [0x00000000c0000000, 0x0000000100000000)
  region size 1024K, 0 young (0K), 0 survivors (0K)
 Metaspace       used 69054K, committed 69632K, reserved 1114112K
  class space    used 9398K, committed 9664K, reserved 1048576K
}
Event: 12717.304 GC heap before
{Heap before GC invocations=1191 (full 1083):
 garbage-first heap   total 143360K, used 42021K [0x00000000c0000000, 0x0000000100000000)
  region size 1024K, 1 young (1024K), 0 survivors (0K)
 Metaspace       used 69054K, committed 69632K, reserved 1114112K
  class space    used 9398K, committed 9664K, reserved 1048576K
}
Event: 12717.376 GC heap after
{Heap after GC invocations=1192 (full 1084):
 garbage-first heap   total 143360K, used 42021K [0x00000000c0000000, 0x0000000100000000)
  region size 1024K, 0 young (0K), 0 survivors (0K)
 Metaspace       used 69054K, committed 69632K, reserved 1114112K
  class space    used 9398K, committed 9664K, reserved 1048576K
}
Event: 12727.568 GC heap before
{Heap before GC invocations=1192 (full 1084):
 garbage-first heap   total 143360K, used 42021K [0x00000000c0000000, 0x0000000100000000)
  region size 1024K, 1 young (1024K), 0 survivors (0K)
 Metaspace       used 69054K, committed 69632K, reserved 1114112K
  class space    used 9398K, committed 9664K, reserved 1048576K
}
Event: 12727.632 GC heap after
{Heap after GC invocations=1193 (full 1085):
 garbage-first heap   total 143360K, used 42021K [0x00000000c0000000, 0x0000000100000000)
  region size 1024K, 0 young (0K), 0 survivors (0K)
 Metaspace       used 69054K, committed 69632K, reserved 1114112K
  class space    used 9398K, committed 9664K, reserved 1048576K
}
Event: 12737.944 GC heap before
{Heap before GC invocations=1193 (full 1085):
 garbage-first heap   total 143360K, used 42021K [0x00000000c0000000, 0x0000000100000000)
  region size 1024K, 1 young (1024K), 0 survivors (0K)
 Metaspace       used 69054K, committed 69632K, reserved 1114112K
  class space    used 9398K, committed 9664K, reserved 1048576K
}
Event: 12738.020 GC heap after
{Heap after GC invocations=1194 (full 1086):
 garbage-first heap   total 143360K, used 42021K [0x00000000c0000000, 0x0000000100000000)
  region size 1024K, 0 young (0K), 0 survivors (0K)
 Metaspace       used 69054K, committed 69632K, reserved 1114112K
  class space    used 9398K, committed 9664K, reserved 1048576K
}
Event: 12748.187 GC heap before
{Heap before GC invocations=1194 (full 1086):
 garbage-first heap   total 143360K, used 42021K [0x00000000c0000000, 0x0000000100000000)
  region size 1024K, 1 young (1024K), 0 survivors (0K)
 Metaspace       used 69054K, committed 69632K, reserved 1114112K
  class space    used 9398K, committed 9664K, reserved 1048576K
}
Event: 12748.243 GC heap after
{Heap after GC invocations=1195 (full 1087):
 garbage-first heap   total 143360K, used 42021K [0x00000000c0000000, 0x0000000100000000)
  region size 1024K, 0 young (0K), 0 survivors (0K)
 Metaspace       used 69054K, committed 69632K, reserved 1114112K
  class space    used 9398K, committed 9664K, reserved 1048576K
}
Event: 12758.417 GC heap before
{Heap before GC invocations=1195 (full 1087):
 garbage-first heap   total 143360K, used 42021K [0x00000000c0000000, 0x0000000100000000)
  region size 1024K, 1 young (1024K), 0 survivors (0K)
 Metaspace       used 69054K, committed 69632K, reserved 1114112K
  class space    used 9398K, committed 9664K, reserved 1048576K
}
Event: 12758.533 GC heap after
{Heap after GC invocations=1196 (full 1088):
 garbage-first heap   total 143360K, used 42021K [0x00000000c0000000, 0x0000000100000000)
  region size 1024K, 0 young (0K), 0 survivors (0K)
 Metaspace       used 69054K, committed 69632K, reserved 1114112K
  class space    used 9398K, committed 9664K, reserved 1048576K
}
Event: 12768.684 GC heap before
{Heap before GC invocations=1196 (full 1088):
 garbage-first heap   total 143360K, used 42021K [0x00000000c0000000, 0x0000000100000000)
  region size 1024K, 1 young (1024K), 0 survivors (0K)
 Metaspace       used 69054K, committed 69632K, reserved 1114112K
  class space    used 9398K, committed 9664K, reserved 1048576K
}
Event: 12768.742 GC heap after
{Heap after GC invocations=1197 (full 1089):
 garbage-first heap   total 143360K, used 42021K [0x00000000c0000000, 0x0000000100000000)
  region size 1024K, 0 young (0K), 0 survivors (0K)
 Metaspace       used 69054K, committed 69632K, reserved 1114112K
  class space    used 9398K, committed 9664K, reserved 1048576K
}
Event: 12778.924 GC heap before
{Heap before GC invocations=1197 (full 1089):
 garbage-first heap   total 143360K, used 42021K [0x00000000c0000000, 0x0000000100000000)
  region size 1024K, 1 young (1024K), 0 survivors (0K)
 Metaspace       used 69054K, committed 69632K, reserved 1114112K
  class space    used 9398K, committed 9664K, reserved 1048576K
}
Event: 12778.979 GC heap after
{Heap after GC invocations=1198 (full 1090):
 garbage-first heap   total 143360K, used 42021K [0x00000000c0000000, 0x0000000100000000)
  region size 1024K, 0 young (0K), 0 survivors (0K)
 Metaspace       used 69054K, committed 69632K, reserved 1114112K
  class space    used 9398K, committed 9664K, reserved 1048576K
}
Event: 12789.485 GC heap before
{Heap before GC invocations=1198 (full 1090):
 garbage-first heap   total 143360K, used 42021K [0x00000000c0000000, 0x0000000100000000)
  region size 1024K, 1 young (1024K), 0 survivors (0K)
 Metaspace       used 69054K, committed 69632K, reserved 1114112K
  class space    used 9398K, committed 9664K, reserved 1048576K
}
Event: 12789.554 GC heap after
{Heap after GC invocations=1199 (full 1091):
 garbage-first heap   total 143360K, used 42021K [0x00000000c0000000, 0x0000000100000000)
  region size 1024K, 0 young (0K), 0 survivors (0K)
 Metaspace       used 69054K, committed 69632K, reserved 1114112K
  class space    used 9398K, committed 9664K, reserved 1048576K
}
Event: 12799.883 GC heap before
{Heap before GC invocations=1199 (full 1091):
 garbage-first heap   total 143360K, used 42021K [0x00000000c0000000, 0x0000000100000000)
  region size 1024K, 1 young (1024K), 0 survivors (0K)
 Metaspace       used 69054K, committed 69632K, reserved 1114112K
  class space    used 9398K, committed 9664K, reserved 1048576K
}
Event: 12799.959 GC heap after
{Heap after GC invocations=1200 (full 1092):
 garbage-first heap   total 143360K, used 42021K [0x00000000c0000000, 0x0000000100000000)
  region size 1024K, 0 young (0K), 0 survivors (0K)
 Metaspace       used 69054K, committed 69632K, reserved 1114112K
  class space    used 9398K, committed 9664K, reserved 1048576K
}

