# JRE version: OpenJDK Runtime Environment Temurin-17.0.6+10 (17.0.6+10) (build 17.0.6+10)
# Java VM: OpenJDK 64-Bit Server VM Temurin-17.0.6+10 (17.0.6+10, mixed mode, emulated-client, tiered, compressed oops, compressed class ptrs, g1 gc, windows-amd64)
GC Precious Log:
 CPUs: 4 total, 4 available
 Memory: 8026M
 Large Page Support: Disabled
 NUMA Support: Disabled
 Compressed Oops: Enabled (32-bit)
 Heap Region Size: 1M
 Heap Min Capacity: 8M
 Heap Initial Capacity: 126M
 Heap Max Capacity: 1G
 Pre-touch: Disabled
 Parallel Workers: 4
 Concurrent Workers: 1
 Concurrent Refinement Workers: 4
 Periodic GC: Disabled
Heap:
 garbage-first heap   total 275456K, used 87152K [0x00000000c0000000, 0x0000000100000000)
  region size 1024K, 11 young (11264K), 11 survivors (11264K)
 Metaspace       used 35419K, committed 35776K, reserved 1081344K
  class space    used 4592K, committed 4800K, reserved 1048576K
GC Heap History (20 events):
Event: 4.270 GC heap after
{Heap after GC invocations=13 (full 0):
 garbage-first heap   total 77824K, used 34053K [0x00000000c0000000, 0x0000000100000000)
  region size 1024K, 2 young (2048K), 2 survivors (2048K)
 Metaspace       used 35264K, committed 35712K, reserved 1081344K
  class space    used 4568K, committed 4800K, reserved 1048576K
}
Event: 4.344 GC heap before
{Heap before GC invocations=14 (full 0):
 garbage-first heap   total 83968K, used 56581K [0x00000000c0000000, 0x0000000100000000)
  region size 1024K, 24 young (24576K), 2 survivors (2048K)
 Metaspace       used 35264K, committed 35712K, reserved 1081344K
  class space    used 4568K, committed 4800K, reserved 1048576K
}
Event: 4.351 GC heap after
{Heap after GC invocations=15 (full 0):
 garbage-first heap   total 83968K, used 38378K [0x00000000c0000000, 0x0000000100000000)
  region size 1024K, 3 young (3072K), 3 survivors (3072K)
 Metaspace       used 35264K, committed 35712K, reserved 1081344K
  class space    used 4568K, committed 4800K, reserved 1048576K
}
Event: 4.430 GC heap before
{Heap before GC invocations=15 (full 0):
 garbage-first heap   total 83968K, used 61930K [0x00000000c0000000, 0x0000000100000000)
  region size 1024K, 26 young (26624K), 3 survivors (3072K)
 Metaspace       used 35264K, committed 35712K, reserved 1081344K
  class space    used 4568K, committed 4800K, reserved 1048576K
}
Event: 4.444 GC heap after
{Heap after GC invocations=16 (full 0):
 garbage-first heap   total 83968K, used 46715K [0x00000000c0000000, 0x0000000100000000)
  region size 1024K, 4 young (4096K), 4 survivors (4096K)
 Metaspace       used 35264K, committed 35712K, reserved 1081344K
  class space    used 4568K, committed 4800K, reserved 1048576K
}
Event: 4.873 GC heap before
{Heap before GC invocations=16 (full 0):
 garbage-first heap   total 83968K, used 62075K [0x00000000c0000000, 0x0000000100000000)
  region size 1024K, 19 young (19456K), 4 survivors (4096K)
 Metaspace       used 35264K, committed 35712K, reserved 1081344K
  class space    used 4568K, committed 4800K, reserved 1048576K
}
Event: 4.881 GC heap after
{Heap after GC invocations=17 (full 0):
 garbage-first heap   total 83968K, used 50053K [0x00000000c0000000, 0x0000000100000000)
  region size 1024K, 3 young (3072K), 3 survivors (3072K)
 Metaspace       used 35264K, committed 35712K, reserved 1081344K
  class space    used 4568K, committed 4800K, reserved 1048576K
}
Event: 4.930 GC heap before
{Heap before GC invocations=17 (full 0):
 garbage-first heap   total 83968K, used 63365K [0x00000000c0000000, 0x0000000100000000)
  region size 1024K, 16 young (16384K), 3 survivors (3072K)
 Metaspace       used 35265K, committed 35712K, reserved 1081344K
  class space    used 4568K, committed 4800K, reserved 1048576K
}
Event: 4.941 GC heap after
{Heap after GC invocations=18 (full 0):
 garbage-first heap   total 83968K, used 57883K [0x00000000c0000000, 0x0000000100000000)
  region size 1024K, 2 young (2048K), 2 survivors (2048K)
 Metaspace       used 35265K, committed 35712K, reserved 1081344K
  class space    used 4568K, committed 4800K, reserved 1048576K
}
Event: 4.977 GC heap before
{Heap before GC invocations=18 (full 0):
 garbage-first heap   total 112640K, used 65051K [0x00000000c0000000, 0x0000000100000000)
  region size 1024K, 9 young (9216K), 2 survivors (2048K)
 Metaspace       used 35266K, committed 35712K, reserved 1081344K
  class space    used 4570K, committed 4800K, reserved 1048576K
}
Event: 4.988 GC heap after
{Heap after GC invocations=19 (full 0):
 garbage-first heap   total 275456K, used 63581K [0x00000000c0000000, 0x0000000100000000)
  region size 1024K, 2 young (2048K), 2 survivors (2048K)
 Metaspace       used 35266K, committed 35712K, reserved 1081344K
  class space    used 4570K, committed 4800K, reserved 1048576K
}
Event: 5.146 GC heap before
{Heap before GC invocations=20 (full 0):
 garbage-first heap   total 275456K, used 188509K [0x00000000c0000000, 0x0000000100000000)
  region size 1024K, 125 young (128000K), 2 survivors (2048K)
 Metaspace       used 35418K, committed 35776K, reserved 1081344K
  class space    used 4591K, committed 4800K, reserved 1048576K
}
Event: 5.162 GC heap after
{Heap after GC invocations=21 (full 0):
 garbage-first heap   total 275456K, used 71050K [0x00000000c0000000, 0x0000000100000000)
  region size 1024K, 10 young (10240K), 10 survivors (10240K)
 Metaspace       used 35418K, committed 35776K, reserved 1081344K
  class space    used 4591K, committed 4800K, reserved 1048576K
}
Event: 5.164 GC heap before
{Heap before GC invocations=21 (full 0):
 garbage-first heap   total 275456K, used 73098K [0x00000000c0000000, 0x0000000100000000)
  region size 1024K, 13 young (13312K), 10 survivors (10240K)
 Metaspace       used 35418K, committed 35776K, reserved 1081344K
  class space    used 4591K, committed 4800K, reserved 1048576K
}
Event: 5.181 GC heap after
{Heap after GC invocations=22 (full 0):
 garbage-first heap   total 275456K, used 72223K [0x00000000c0000000, 0x0000000100000000)
  region size 1024K, 2 young (2048K), 2 survivors (2048K)
 Metaspace       used 35418K, committed 35776K, reserved 1081344K
  class space    used 4591K, committed 4800K, reserved 1048576K
}
Event: 5.247 GC heap before
{Heap before GC invocations=22 (full 0):
 garbage-first heap   total 275456K, used 199199K [0x00000000c0000000, 0x0000000100000000)
  region size 1024K, 127 young (130048K), 2 survivors (2048K)
 Metaspace       used 35418K, committed 35776K, reserved 1081344K
  class space    used 4591K, committed 4800K, reserved 1048576K
}
Event: 5.253 GC heap after
{Heap after GC invocations=23 (full 0):
 garbage-first heap   total 275456K, used 76836K [0x00000000c0000000, 0x0000000100000000)
  region size 1024K, 6 young (6144K), 6 survivors (6144K)
 Metaspace       used 35418K, committed 35776K, reserved 1081344K
  class space    used 4591K, committed 4800K, reserved 1048576K
}
Event: 5.319 GC heap before
{Heap before GC invocations=23 (full 0):
 garbage-first heap   total 275456K, used 209956K [0x00000000c0000000, 0x0000000100000000)
  region size 1024K, 137 young (140288K), 6 survivors (6144K)
 Metaspace       used 35418K, committed 35776K, reserved 1081344K
  class space    used 4591K, committed 4800K, reserved 1048576K
}
Event: 5.327 GC heap after
{Heap after GC invocations=24 (full 0):
 garbage-first heap   total 275456K, used 81695K [0x00000000c0000000, 0x0000000100000000)
  region size 1024K, 11 young (11264K), 11 survivors (11264K)
 Metaspace       used 35418K, committed 35776K, reserved 1081344K
  class space    used 4591K, committed 4800K, reserved 1048576K
}
Event: 5.392 GC heap before
{Heap before GC invocations=24 (full 0):
 garbage-first heap   total 275456K, used 216863K [0x00000000c0000000, 0x0000000100000000)
  region size 1024K, 144 young (147456K), 11 survivors (11264K)
 Metaspace       used 35419K, committed 35776K, reserved 1081344K
  class space    used 4592K, committed 4800K, reserved 1048576K
}

