# JRE version: OpenJDK Runtime Environment Temurin-17.0.6+10 (17.0.6+10) (build 17.0.6+10)
# Java VM: OpenJDK 64-Bit Server VM Temurin-17.0.6+10 (17.0.6+10, mixed mode, emulated-client, tiered, compressed oops, compressed class ptrs, g1 gc, windows-amd64)
GC Precious Log:
 CPUs: 4 total, 4 available
 Memory: 8026M
 Large Page Support: Disabled
 NUMA Support: Disabled
 Compressed Oops: Enabled (32-bit)
 Heap Region Size: 1M
 Heap Min Capacity: 8M
 Heap Initial Capacity: 126M
 Heap Max Capacity: 1G
 Pre-touch: Disabled
 Parallel Workers: 4
 Concurrent Workers: 1
 Concurrent Refinement Workers: 4
 Periodic GC: Disabled
Heap:
 garbage-first heap   total 86016K, used 24743K [0x00000000c0000000, 0x0000000100000000)
  region size 1024K, 1 young (1024K), 0 survivors (0K)
 Metaspace       used 43990K, committed 44544K, reserved 1089536K
  class space    used 6166K, committed 6400K, reserved 1048576K
GC Heap History (20 events):
Event: 7607.090 GC heap before
{Heap before GC invocations=788 (full 728):
 garbage-first heap   total 86016K, used 24743K [0x00000000c0000000, 0x0000000100000000)
  region size 1024K, 1 young (1024K), 0 survivors (0K)
 Metaspace       used 43990K, committed 44544K, reserved 1089536K
  class space    used 6166K, committed 6400K, reserved 1048576K
}
Event: 7607.119 GC heap after
{Heap after GC invocations=789 (full 729):
 garbage-first heap   total 86016K, used 24743K [0x00000000c0000000, 0x0000000100000000)
  region size 1024K, 0 young (0K), 0 survivors (0K)
 Metaspace       used 43990K, committed 44544K, reserved 1089536K
  class space    used 6166K, committed 6400K, reserved 1048576K
}
Event: 7617.272 GC heap before
{Heap before GC invocations=789 (full 729):
 garbage-first heap   total 86016K, used 24743K [0x00000000c0000000, 0x0000000100000000)
  region size 1024K, 1 young (1024K), 0 survivors (0K)
 Metaspace       used 43990K, committed 44544K, reserved 1089536K
  class space    used 6166K, committed 6400K, reserved 1048576K
}
Event: 7617.307 GC heap after
{Heap after GC invocations=790 (full 730):
 garbage-first heap   total 86016K, used 24743K [0x00000000c0000000, 0x0000000100000000)
  region size 1024K, 0 young (0K), 0 survivors (0K)
 Metaspace       used 43990K, committed 44544K, reserved 1089536K
  class space    used 6166K, committed 6400K, reserved 1048576K
}
Event: 7627.447 GC heap before
{Heap before GC invocations=790 (full 730):
 garbage-first heap   total 86016K, used 24743K [0x00000000c0000000, 0x0000000100000000)
  region size 1024K, 1 young (1024K), 0 survivors (0K)
 Metaspace       used 43990K, committed 44544K, reserved 1089536K
  class space    used 6166K, committed 6400K, reserved 1048576K
}
Event: 7627.487 GC heap after
{Heap after GC invocations=791 (full 731):
 garbage-first heap   total 86016K, used 24743K [0x00000000c0000000, 0x0000000100000000)
  region size 1024K, 0 young (0K), 0 survivors (0K)
 Metaspace       used 43990K, committed 44544K, reserved 1089536K
  class space    used 6166K, committed 6400K, reserved 1048576K
}
Event: 7637.622 GC heap before
{Heap before GC invocations=791 (full 731):
 garbage-first heap   total 86016K, used 24743K [0x00000000c0000000, 0x0000000100000000)
  region size 1024K, 1 young (1024K), 0 survivors (0K)
 Metaspace       used 43990K, committed 44544K, reserved 1089536K
  class space    used 6166K, committed 6400K, reserved 1048576K
}
Event: 7637.657 GC heap after
{Heap after GC invocations=792 (full 732):
 garbage-first heap   total 86016K, used 24743K [0x00000000c0000000, 0x0000000100000000)
  region size 1024K, 0 young (0K), 0 survivors (0K)
 Metaspace       used 43990K, committed 44544K, reserved 1089536K
  class space    used 6166K, committed 6400K, reserved 1048576K
}
Event: 7647.793 GC heap before
{Heap before GC invocations=792 (full 732):
 garbage-first heap   total 86016K, used 24743K [0x00000000c0000000, 0x0000000100000000)
  region size 1024K, 1 young (1024K), 0 survivors (0K)
 Metaspace       used 43990K, committed 44544K, reserved 1089536K
  class space    used 6166K, committed 6400K, reserved 1048576K
}
Event: 7647.826 GC heap after
{Heap after GC invocations=793 (full 733):
 garbage-first heap   total 86016K, used 24743K [0x00000000c0000000, 0x0000000100000000)
  region size 1024K, 0 young (0K), 0 survivors (0K)
 Metaspace       used 43990K, committed 44544K, reserved 1089536K
  class space    used 6166K, committed 6400K, reserved 1048576K
}
Event: 7657.969 GC heap before
{Heap before GC invocations=793 (full 733):
 garbage-first heap   total 86016K, used 24743K [0x00000000c0000000, 0x0000000100000000)
  region size 1024K, 1 young (1024K), 0 survivors (0K)
 Metaspace       used 43990K, committed 44544K, reserved 1089536K
  class space    used 6166K, committed 6400K, reserved 1048576K
}
Event: 7658.004 GC heap after
{Heap after GC invocations=794 (full 734):
 garbage-first heap   total 86016K, used 24743K [0x00000000c0000000, 0x0000000100000000)
  region size 1024K, 0 young (0K), 0 survivors (0K)
 Metaspace       used 43990K, committed 44544K, reserved 1089536K
  class space    used 6166K, committed 6400K, reserved 1048576K
}
Event: 7668.137 GC heap before
{Heap before GC invocations=794 (full 734):
 garbage-first heap   total 86016K, used 24743K [0x00000000c0000000, 0x0000000100000000)
  region size 1024K, 1 young (1024K), 0 survivors (0K)
 Metaspace       used 43990K, committed 44544K, reserved 1089536K
  class space    used 6166K, committed 6400K, reserved 1048576K
}
Event: 7668.166 GC heap after
{Heap after GC invocations=795 (full 735):
 garbage-first heap   total 86016K, used 24743K [0x00000000c0000000, 0x0000000100000000)
  region size 1024K, 0 young (0K), 0 survivors (0K)
 Metaspace       used 43990K, committed 44544K, reserved 1089536K
  class space    used 6166K, committed 6400K, reserved 1048576K
}
Event: 7678.315 GC heap before
{Heap before GC invocations=795 (full 735):
 garbage-first heap   total 86016K, used 24743K [0x00000000c0000000, 0x0000000100000000)
  region size 1024K, 1 young (1024K), 0 survivors (0K)
 Metaspace       used 43990K, committed 44544K, reserved 1089536K
  class space    used 6166K, committed 6400K, reserved 1048576K
}
Event: 7678.350 GC heap after
{Heap after GC invocations=796 (full 736):
 garbage-first heap   total 86016K, used 24743K [0x00000000c0000000, 0x0000000100000000)
  region size 1024K, 0 young (0K), 0 survivors (0K)
 Metaspace       used 43990K, committed 44544K, reserved 1089536K
  class space    used 6166K, committed 6400K, reserved 1048576K
}
Event: 7688.485 GC heap before
{Heap before GC invocations=796 (full 736):
 garbage-first heap   total 86016K, used 24743K [0x00000000c0000000, 0x0000000100000000)
  region size 1024K, 1 young (1024K), 0 survivors (0K)
 Metaspace       used 43990K, committed 44544K, reserved 1089536K
  class space    used 6166K, committed 6400K, reserved 1048576K
}
Event: 7688.523 GC heap after
{Heap after GC invocations=797 (full 737):
 garbage-first heap   total 86016K, used 24743K [0x00000000c0000000, 0x0000000100000000)
  region size 1024K, 0 young (0K), 0 survivors (0K)
 Metaspace       used 43990K, committed 44544K, reserved 1089536K
  class space    used 6166K, committed 6400K, reserved 1048576K
}
Event: 7698.691 GC heap before
{Heap before GC invocations=797 (full 737):
 garbage-first heap   total 86016K, used 24743K [0x00000000c0000000, 0x0000000100000000)
  region size 1024K, 1 young (1024K), 0 survivors (0K)
 Metaspace       used 43990K, committed 44544K, reserved 1089536K
  class space    used 6166K, committed 6400K, reserved 1048576K
}
Event: 7698.729 GC heap after
{Heap after GC invocations=798 (full 738):
 garbage-first heap   total 86016K, used 24743K [0x00000000c0000000, 0x0000000100000000)
  region size 1024K, 0 young (0K), 0 survivors (0K)
 Metaspace       used 43990K, committed 44544K, reserved 1089536K
  class space    used 6166K, committed 6400K, reserved 1048576K
}

