# JRE version: OpenJDK Runtime Environment Temurin-17.0.6+10 (17.0.6+10) (build 17.0.6+10)
# Java VM: OpenJDK 64-Bit Server VM Temurin-17.0.6+10 (17.0.6+10, mixed mode, emulated-client, tiered, compressed oops, compressed class ptrs, g1 gc, windows-amd64)
GC Precious Log:
 CPUs: 4 total, 4 available
 Memory: 8026M
 Large Page Support: Disabled
 NUMA Support: Disabled
 Compressed Oops: Enabled (32-bit)
 Heap Region Size: 1M
 Heap Min Capacity: 8M
 Heap Initial Capacity: 126M
 Heap Max Capacity: 1G
 Pre-touch: Disabled
 Parallel Workers: 4
 Concurrent Workers: 1
 Concurrent Refinement Workers: 4
 Periodic GC: Disabled
Heap:
 garbage-first heap   total 86016K, used 25171K [0x00000000c0000000, 0x0000000100000000)
  region size 1024K, 1 young (1024K), 0 survivors (0K)
 Metaspace       used 44511K, committed 44864K, reserved 1089536K
  class space    used 6259K, committed 6400K, reserved 1048576K
GC Heap History (20 events):
Event: 7020.412 GC heap before
{Heap before GC invocations=608 (full 565):
 garbage-first heap   total 86016K, used 25171K [0x00000000c0000000, 0x0000000100000000)
  region size 1024K, 1 young (1024K), 0 survivors (0K)
 Metaspace       used 44511K, committed 44864K, reserved 1089536K
  class space    used 6259K, committed 6400K, reserved 1048576K
}
Event: 7020.449 GC heap after
{Heap after GC invocations=609 (full 566):
 garbage-first heap   total 86016K, used 25171K [0x00000000c0000000, 0x0000000100000000)
  region size 1024K, 0 young (0K), 0 survivors (0K)
 Metaspace       used 44511K, committed 44864K, reserved 1089536K
  class space    used 6259K, committed 6400K, reserved 1048576K
}
Event: 7031.754 GC heap before
{Heap before GC invocations=609 (full 566):
 garbage-first heap   total 86016K, used 25171K [0x00000000c0000000, 0x0000000100000000)
  region size 1024K, 1 young (1024K), 0 survivors (0K)
 Metaspace       used 44511K, committed 44864K, reserved 1089536K
  class space    used 6259K, committed 6400K, reserved 1048576K
}
Event: 7031.807 GC heap after
{Heap after GC invocations=610 (full 567):
 garbage-first heap   total 86016K, used 25171K [0x00000000c0000000, 0x0000000100000000)
  region size 1024K, 0 young (0K), 0 survivors (0K)
 Metaspace       used 44511K, committed 44864K, reserved 1089536K
  class space    used 6259K, committed 6400K, reserved 1048576K
}
Event: 7042.813 GC heap before
{Heap before GC invocations=610 (full 567):
 garbage-first heap   total 86016K, used 25171K [0x00000000c0000000, 0x0000000100000000)
  region size 1024K, 1 young (1024K), 0 survivors (0K)
 Metaspace       used 44511K, committed 44864K, reserved 1089536K
  class space    used 6259K, committed 6400K, reserved 1048576K
}
Event: 7042.870 GC heap after
{Heap after GC invocations=611 (full 568):
 garbage-first heap   total 86016K, used 25171K [0x00000000c0000000, 0x0000000100000000)
  region size 1024K, 0 young (0K), 0 survivors (0K)
 Metaspace       used 44511K, committed 44864K, reserved 1089536K
  class space    used 6259K, committed 6400K, reserved 1048576K
}
Event: 7057.248 GC heap before
{Heap before GC invocations=611 (full 568):
 garbage-first heap   total 86016K, used 25171K [0x00000000c0000000, 0x0000000100000000)
  region size 1024K, 1 young (1024K), 0 survivors (0K)
 Metaspace       used 44511K, committed 44864K, reserved 1089536K
  class space    used 6259K, committed 6400K, reserved 1048576K
}
Event: 7057.283 GC heap after
{Heap after GC invocations=612 (full 569):
 garbage-first heap   total 86016K, used 25171K [0x00000000c0000000, 0x0000000100000000)
  region size 1024K, 0 young (0K), 0 survivors (0K)
 Metaspace       used 44511K, committed 44864K, reserved 1089536K
  class space    used 6259K, committed 6400K, reserved 1048576K
}
Event: 7068.543 GC heap before
{Heap before GC invocations=612 (full 569):
 garbage-first heap   total 86016K, used 25171K [0x00000000c0000000, 0x0000000100000000)
  region size 1024K, 1 young (1024K), 0 survivors (0K)
 Metaspace       used 44511K, committed 44864K, reserved 1089536K
  class space    used 6259K, committed 6400K, reserved 1048576K
}
Event: 7068.578 GC heap after
{Heap after GC invocations=613 (full 570):
 garbage-first heap   total 86016K, used 25171K [0x00000000c0000000, 0x0000000100000000)
  region size 1024K, 0 young (0K), 0 survivors (0K)
 Metaspace       used 44511K, committed 44864K, reserved 1089536K
  class space    used 6259K, committed 6400K, reserved 1048576K
}
Event: 7084.233 GC heap before
{Heap before GC invocations=613 (full 570):
 garbage-first heap   total 86016K, used 25171K [0x00000000c0000000, 0x0000000100000000)
  region size 1024K, 1 young (1024K), 0 survivors (0K)
 Metaspace       used 44511K, committed 44864K, reserved 1089536K
  class space    used 6259K, committed 6400K, reserved 1048576K
}
Event: 7084.267 GC heap after
{Heap after GC invocations=614 (full 571):
 garbage-first heap   total 86016K, used 25171K [0x00000000c0000000, 0x0000000100000000)
  region size 1024K, 0 young (0K), 0 survivors (0K)
 Metaspace       used 44511K, committed 44864K, reserved 1089536K
  class space    used 6259K, committed 6400K, reserved 1048576K
}
Event: 7094.753 GC heap before
{Heap before GC invocations=614 (full 571):
 garbage-first heap   total 86016K, used 25171K [0x00000000c0000000, 0x0000000100000000)
  region size 1024K, 1 young (1024K), 0 survivors (0K)
 Metaspace       used 44511K, committed 44864K, reserved 1089536K
  class space    used 6259K, committed 6400K, reserved 1048576K
}
Event: 7094.795 GC heap after
{Heap after GC invocations=615 (full 572):
 garbage-first heap   total 86016K, used 25171K [0x00000000c0000000, 0x0000000100000000)
  region size 1024K, 0 young (0K), 0 survivors (0K)
 Metaspace       used 44511K, committed 44864K, reserved 1089536K
  class space    used 6259K, committed 6400K, reserved 1048576K
}
Event: 7105.758 GC heap before
{Heap before GC invocations=615 (full 572):
 garbage-first heap   total 86016K, used 25171K [0x00000000c0000000, 0x0000000100000000)
  region size 1024K, 1 young (1024K), 0 survivors (0K)
 Metaspace       used 44511K, committed 44864K, reserved 1089536K
  class space    used 6259K, committed 6400K, reserved 1048576K
}
Event: 7105.789 GC heap after
{Heap after GC invocations=616 (full 573):
 garbage-first heap   total 86016K, used 25171K [0x00000000c0000000, 0x0000000100000000)
  region size 1024K, 0 young (0K), 0 survivors (0K)
 Metaspace       used 44511K, committed 44864K, reserved 1089536K
  class space    used 6259K, committed 6400K, reserved 1048576K
}
Event: 7116.361 GC heap before
{Heap before GC invocations=616 (full 573):
 garbage-first heap   total 86016K, used 25171K [0x00000000c0000000, 0x0000000100000000)
  region size 1024K, 1 young (1024K), 0 survivors (0K)
 Metaspace       used 44511K, committed 44864K, reserved 1089536K
  class space    used 6259K, committed 6400K, reserved 1048576K
}
Event: 7116.414 GC heap after
{Heap after GC invocations=617 (full 574):
 garbage-first heap   total 86016K, used 25171K [0x00000000c0000000, 0x0000000100000000)
  region size 1024K, 0 young (0K), 0 survivors (0K)
 Metaspace       used 44511K, committed 44864K, reserved 1089536K
  class space    used 6259K, committed 6400K, reserved 1048576K
}
Event: 7127.339 GC heap before
{Heap before GC invocations=617 (full 574):
 garbage-first heap   total 86016K, used 25171K [0x00000000c0000000, 0x0000000100000000)
  region size 1024K, 1 young (1024K), 0 survivors (0K)
 Metaspace       used 44511K, committed 44864K, reserved 1089536K
  class space    used 6259K, committed 6400K, reserved 1048576K
}
Event: 7127.378 GC heap after
{Heap after GC invocations=618 (full 575):
 garbage-first heap   total 86016K, used 25171K [0x00000000c0000000, 0x0000000100000000)
  region size 1024K, 0 young (0K), 0 survivors (0K)
 Metaspace       used 44511K, committed 44864K, reserved 1089536K
  class space    used 6259K, committed 6400K, reserved 1048576K
}

