# JRE version: OpenJDK Runtime Environment Temurin-17.0.6+10 (17.0.6+10) (build 17.0.6+10)
# Java VM: OpenJDK 64-Bit Server VM Temurin-17.0.6+10 (17.0.6+10, mixed mode, emulated-client, tiered, compressed oops, compressed class ptrs, g1 gc, windows-amd64)
GC Precious Log:
 CPUs: 4 total, 4 available
 Memory: 8026M
 Large Page Support: Disabled
 NUMA Support: Disabled
 Compressed Oops: Enabled (32-bit)
 Heap Region Size: 1M
 Heap Min Capacity: 8M
 Heap Initial Capacity: 126M
 Heap Max Capacity: 1G
 Pre-touch: Disabled
 Parallel Workers: 4
 Concurrent Workers: 1
 Concurrent Refinement Workers: 4
 Periodic GC: Disabled
Heap:
 garbage-first heap   total 45056K, used 14161K [0x00000000c0000000, 0x0000000100000000)
  region size 1024K, 1 young (1024K), 0 survivors (0K)
 Metaspace       used 34414K, committed 34880K, reserved 1081344K
  class space    used 4465K, committed 4672K, reserved 1048576K
GC Heap History (20 events):
Event: 3343.013 GC heap before
{Heap before GC invocations=312 (full 302):
 garbage-first heap   total 45056K, used 14161K [0x00000000c0000000, 0x0000000100000000)
  region size 1024K, 1 young (1024K), 0 survivors (0K)
 Metaspace       used 34414K, committed 34880K, reserved 1081344K
  class space    used 4465K, committed 4672K, reserved 1048576K
}
Event: 3343.040 GC heap after
{Heap after GC invocations=313 (full 303):
 garbage-first heap   total 45056K, used 14161K [0x00000000c0000000, 0x0000000100000000)
  region size 1024K, 0 young (0K), 0 survivors (0K)
 Metaspace       used 34414K, committed 34880K, reserved 1081344K
  class space    used 4465K, committed 4672K, reserved 1048576K
}
Event: 3353.235 GC heap before
{Heap before GC invocations=313 (full 303):
 garbage-first heap   total 45056K, used 14161K [0x00000000c0000000, 0x0000000100000000)
  region size 1024K, 1 young (1024K), 0 survivors (0K)
 Metaspace       used 34414K, committed 34880K, reserved 1081344K
  class space    used 4465K, committed 4672K, reserved 1048576K
}
Event: 3353.260 GC heap after
{Heap after GC invocations=314 (full 304):
 garbage-first heap   total 45056K, used 14161K [0x00000000c0000000, 0x0000000100000000)
  region size 1024K, 0 young (0K), 0 survivors (0K)
 Metaspace       used 34414K, committed 34880K, reserved 1081344K
  class space    used 4465K, committed 4672K, reserved 1048576K
}
Event: 3363.700 GC heap before
{Heap before GC invocations=314 (full 304):
 garbage-first heap   total 45056K, used 14161K [0x00000000c0000000, 0x0000000100000000)
  region size 1024K, 1 young (1024K), 0 survivors (0K)
 Metaspace       used 34414K, committed 34880K, reserved 1081344K
  class space    used 4465K, committed 4672K, reserved 1048576K
}
Event: 3363.733 GC heap after
{Heap after GC invocations=315 (full 305):
 garbage-first heap   total 45056K, used 14161K [0x00000000c0000000, 0x0000000100000000)
  region size 1024K, 0 young (0K), 0 survivors (0K)
 Metaspace       used 34414K, committed 34880K, reserved 1081344K
  class space    used 4465K, committed 4672K, reserved 1048576K
}
Event: 3373.909 GC heap before
{Heap before GC invocations=315 (full 305):
 garbage-first heap   total 45056K, used 14161K [0x00000000c0000000, 0x0000000100000000)
  region size 1024K, 1 young (1024K), 0 survivors (0K)
 Metaspace       used 34414K, committed 34880K, reserved 1081344K
  class space    used 4465K, committed 4672K, reserved 1048576K
}
Event: 3373.930 GC heap after
{Heap after GC invocations=316 (full 306):
 garbage-first heap   total 45056K, used 14161K [0x00000000c0000000, 0x0000000100000000)
  region size 1024K, 0 young (0K), 0 survivors (0K)
 Metaspace       used 34414K, committed 34880K, reserved 1081344K
  class space    used 4465K, committed 4672K, reserved 1048576K
}
Event: 3385.170 GC heap before
{Heap before GC invocations=316 (full 306):
 garbage-first heap   total 45056K, used 14161K [0x00000000c0000000, 0x0000000100000000)
  region size 1024K, 1 young (1024K), 0 survivors (0K)
 Metaspace       used 34414K, committed 34880K, reserved 1081344K
  class space    used 4465K, committed 4672K, reserved 1048576K
}
Event: 3385.197 GC heap after
{Heap after GC invocations=317 (full 307):
 garbage-first heap   total 45056K, used 14161K [0x00000000c0000000, 0x0000000100000000)
  region size 1024K, 0 young (0K), 0 survivors (0K)
 Metaspace       used 34414K, committed 34880K, reserved 1081344K
  class space    used 4465K, committed 4672K, reserved 1048576K
}
Event: 3397.598 GC heap before
{Heap before GC invocations=317 (full 307):
 garbage-first heap   total 45056K, used 14161K [0x00000000c0000000, 0x0000000100000000)
  region size 1024K, 1 young (1024K), 0 survivors (0K)
 Metaspace       used 34414K, committed 34880K, reserved 1081344K
  class space    used 4465K, committed 4672K, reserved 1048576K
}
Event: 3397.627 GC heap after
{Heap after GC invocations=318 (full 308):
 garbage-first heap   total 45056K, used 14161K [0x00000000c0000000, 0x0000000100000000)
  region size 1024K, 0 young (0K), 0 survivors (0K)
 Metaspace       used 34414K, committed 34880K, reserved 1081344K
  class space    used 4465K, committed 4672K, reserved 1048576K
}
Event: 3410.128 GC heap before
{Heap before GC invocations=318 (full 308):
 garbage-first heap   total 45056K, used 14161K [0x00000000c0000000, 0x0000000100000000)
  region size 1024K, 1 young (1024K), 0 survivors (0K)
 Metaspace       used 34414K, committed 34880K, reserved 1081344K
  class space    used 4465K, committed 4672K, reserved 1048576K
}
Event: 3410.155 GC heap after
{Heap after GC invocations=319 (full 309):
 garbage-first heap   total 45056K, used 14161K [0x00000000c0000000, 0x0000000100000000)
  region size 1024K, 0 young (0K), 0 survivors (0K)
 Metaspace       used 34414K, committed 34880K, reserved 1081344K
  class space    used 4465K, committed 4672K, reserved 1048576K
}
Event: 3422.544 GC heap before
{Heap before GC invocations=319 (full 309):
 garbage-first heap   total 45056K, used 14161K [0x00000000c0000000, 0x0000000100000000)
  region size 1024K, 1 young (1024K), 0 survivors (0K)
 Metaspace       used 34414K, committed 34880K, reserved 1081344K
  class space    used 4465K, committed 4672K, reserved 1048576K
}
Event: 3422.573 GC heap after
{Heap after GC invocations=320 (full 310):
 garbage-first heap   total 45056K, used 14161K [0x00000000c0000000, 0x0000000100000000)
  region size 1024K, 0 young (0K), 0 survivors (0K)
 Metaspace       used 34414K, committed 34880K, reserved 1081344K
  class space    used 4465K, committed 4672K, reserved 1048576K
}
Event: 3436.987 GC heap before
{Heap before GC invocations=320 (full 310):
 garbage-first heap   total 45056K, used 14161K [0x00000000c0000000, 0x0000000100000000)
  region size 1024K, 1 young (1024K), 0 survivors (0K)
 Metaspace       used 34414K, committed 34880K, reserved 1081344K
  class space    used 4465K, committed 4672K, reserved 1048576K
}
Event: 3437.022 GC heap after
{Heap after GC invocations=321 (full 311):
 garbage-first heap   total 45056K, used 14161K [0x00000000c0000000, 0x0000000100000000)
  region size 1024K, 0 young (0K), 0 survivors (0K)
 Metaspace       used 34414K, committed 34880K, reserved 1081344K
  class space    used 4465K, committed 4672K, reserved 1048576K
}
Event: 3447.545 GC heap before
{Heap before GC invocations=321 (full 311):
 garbage-first heap   total 45056K, used 14161K [0x00000000c0000000, 0x0000000100000000)
  region size 1024K, 1 young (1024K), 0 survivors (0K)
 Metaspace       used 34414K, committed 34880K, reserved 1081344K
  class space    used 4465K, committed 4672K, reserved 1048576K
}
Event: 3447.578 GC heap after
{Heap after GC invocations=322 (full 312):
 garbage-first heap   total 45056K, used 14161K [0x00000000c0000000, 0x0000000100000000)
  region size 1024K, 0 young (0K), 0 survivors (0K)
 Metaspace       used 34414K, committed 34880K, reserved 1081344K
  class space    used 4465K, committed 4672K, reserved 1048576K
}

